0 info it worked if it ends with ok
1 verbose cli [
1 verbose cli   'C:\\Program Files\\nodejs\\node.exe',
1 verbose cli   'C:\\Program Files\\nodejs\\node_modules\\npm\\bin\\npm-cli.js',
1 verbose cli   'start'
1 verbose cli ]
2 info using npm@6.14.11
3 info using node@v14.16.0
4 verbose run-script [ 'prestart', 'start', 'poststart' ]
5 info lifecycle webpack-demo@1.0.0~prestart: webpack-demo@1.0.0
6 info lifecycle webpack-demo@1.0.0~start: webpack-demo@1.0.0
7 verbose lifecycle webpack-demo@1.0.0~start: unsafe-perm in lifecycle true
8 verbose lifecycle webpack-demo@1.0.0~start: PATH: C:\Program Files\nodejs\node_modules\npm\node_modules\npm-lifecycle\node-gyp-bin;D:\jirengu\webpack-demo\node_modules\.bin;E:\ana;E:\ana\Library\mingw-w64\bin;E:\ana\Library\usr\bin;E:\ana\Library\bin;E:\ana\Scripts;C:\WINDOWS\system32;C:\WINDOWS;C:\WINDOWS\System32\Wbem;C:\WINDOWS\System32\WindowsPowerShell\v1.0\;C:\WINDOWS\System32\OpenSSH\;D:\bin\;D:\Git\cmd;C:\Users\dell\AppData\Roaming\parcel;C:\Program Files (x86)\NVIDIA Corporation\PhysX\Common;D:\jirengu\dom1\yarn;D:\jirengu\dom1\yarn\bin\;C:\Users\dell\AppData\Roaming\npm1;C:\Users\dell;C:\Program Files\nodejs\;C:\Users\dell\morney;C:\Users\dell\AppData\Local\Microsoft\WindowsApps;D:\Microsoft VS Code\bin;D:\Program Files\nodejs\node_global;C:\Users\dell\AppData\Local\Yarn\bin;E:\中山软件\PyCharm 2020.1.2\bin;;C:\Users\dell\AppData\Roaming\parcel;D:\jirengu\dom1\yarn\;D:\jirengu\dom1\yarn\bin\;C:\Users\dell\AppData\Local\Yarn\bin\parcel;C:\Users\dell;C:\Users\dell\AppData\Roaming\npm
9 verbose lifecycle webpack-demo@1.0.0~start: CWD: D:\jirengu\webpack-demo
10 silly lifecycle webpack-demo@1.0.0~start: Args: [ '/d /s /c', 'webpack-dev-server' ]
11 silly lifecycle webpack-demo@1.0.0~start: Returned: code: 1  signal: null
12 info lifecycle webpack-demo@1.0.0~start: Failed to exec start script
13 verbose stack Error: webpack-demo@1.0.0 start: `webpack-dev-server`
13 verbose stack Exit status 1
13 verbose stack     at EventEmitter.<anonymous> (C:\Program Files\nodejs\node_modules\npm\node_modules\npm-lifecycle\index.js:332:16)
13 verbose stack     at EventEmitter.emit (events.js:315:20)
13 verbose stack     at ChildProcess.<anonymous> (C:\Program Files\nodejs\node_modules\npm\node_modules\npm-lifecycle\lib\spawn.js:55:14)
13 verbose stack     at ChildProcess.emit (events.js:315:20)
13 verbose stack     at maybeClose (internal/child_process.js:1048:16)
13 verbose stack     at Process.ChildProcess._handle.onexit (internal/child_process.js:288:5)
14 verbose pkgid webpack-demo@1.0.0
15 verbose cwd D:\jirengu\webpack-demo
16 verbose Windows_NT 10.0.18363
17 verbose argv "C:\\Program Files\\nodejs\\node.exe" "C:\\Program Files\\nodejs\\node_modules\\npm\\bin\\npm-cli.js" "start"
18 verbose node v14.16.0
19 verbose npm  v6.14.11
20 error code ELIFECYCLE
21 error errno 1
22 error webpack-demo@1.0.0 start: `webpack-dev-server`
22 error Exit status 1
23 error Failed at the webpack-demo@1.0.0 start script.
23 error This is probably not a problem with npm. There is likely additional logging output above.
24 verbose exit [ 1, true ]
