0 info it worked if it ends with ok
1 verbose cli [
1 verbose cli   'C:\\Program Files\\nodejs\\node.exe',
1 verbose cli   'C:\\Program Files\\nodejs\\node_modules\\npm\\bin\\npm-cli.js',
1 verbose cli   'view',
1 verbose cli   '--json',
1 verbose cli   'grunt-node',
1 verbose cli   'description',
1 verbose cli   'dist-tags.latest',
1 verbose cli   'homepage',
1 verbose cli   'version'
1 verbose cli ]
2 info using npm@6.14.11
3 info using node@v14.16.0
4 verbose npm-session 12d505ee5d74c07a
5 http fetch GET 404 https://registry.npmjs.com/grunt-node 1288ms
6 verbose stack Error: 404 Not Found - GET https://registry.npmjs.com/grunt-node - Not found
6 verbose stack     at C:\Program Files\nodejs\node_modules\npm\node_modules\npm-registry-fetch\check-response.js:117:15
6 verbose stack     at processTicksAndRejections (internal/process/task_queues.js:93:5)
7 verbose statusCode 404
8 verbose pkgid grunt-node@latest
9 verbose cwd d:\jirengu\FE-RSA\node
10 verbose Windows_NT 10.0.18363
11 verbose argv "C:\\Program Files\\nodejs\\node.exe" "C:\\Program Files\\nodejs\\node_modules\\npm\\bin\\npm-cli.js" "view" "--json" "grunt-node" "description" "dist-tags.latest" "homepage" "version"
12 verbose node v14.16.0
13 verbose npm  v6.14.11
14 error code E404
15 error 404 'grunt-node' is not in the npm registry.
15 error 404 You should bug the author to publish it
15 error 404 (or use the name yourself!)
15 error 404
15 error 404 Note that you can also install from a
15 error 404 tarball, folder, http url, or git url.
16 error 404
17 error 404 'grunt-node@latest' is not in the npm registry.
18 error 404 You should bug the author to publish it (or use the name yourself!)
19 error 404 Note that you can also install from a
20 error 404 tarball, folder, http url, or git url.
21 verbose exit [ 1, true ]
